               Finance Tracker Error Log
               Timestamp: 2025-03-18_17-17-28
               
               Error: Unsupported field: HourOfDay
               
               Stack Trace:
               java.time.temporal.UnsupportedTemporalTypeException: Unsupported field: HourOfDay
at java.base/java.time.LocalDate.get0(LocalDate.java:693)
at java.base/java.time.LocalDate.getLong(LocalDate.java:673)
at java.base/java.time.format.DateTimePrintContext.getValue(DateTimePrintContext.java:308)
at java.base/java.time.format.DateTimeFormatterBuilder$NumberPrinterParser.format(DateTimeFormatterBuilder.java:2790)
at java.base/java.time.format.DateTimeFormatterBuilder$CompositePrinterParser.format(DateTimeFormatterBuilder.java:2411)
at java.base/java.time.format.DateTimeFormatter.formatTo(DateTimeFormatter.java:1853)
at java.base/java.time.format.DateTimeFormatter.format(DateTimeFormatter.java:1827)
at java.base/java.time.LocalDate.format(LocalDate.java:1792)
at models.BankAccount.formatDateTime(BankAccount.kt:27)
at ui.screens.AccountsKt$AccountCardView$2.invoke(accounts.kt:131)
at ui.screens.AccountsKt$AccountCardView$2.invoke(accounts.kt:71)
at androidx.compose.runtime.internal.ComposableLambdaImpl.invoke(ComposableLambda.jb.kt:116)
at androidx.compose.runtime.internal.ComposableLambdaImpl.invoke(ComposableLambda.jb.kt:33)
at androidx.compose.material3.CardKt$Card$4.invoke(Card.kt:886)
at androidx.compose.material3.CardKt$Card$4.invoke(Card.kt:154)
at androidx.compose.runtime.internal.ComposableLambdaImpl.invoke(ComposableLambda.jb.kt:107)
at androidx.compose.runtime.internal.ComposableLambdaImpl.invoke(ComposableLambda.jb.kt:33)
at androidx.compose.material3.SurfaceKt$Surface$3.invoke(Surface.kt:243)
at androidx.compose.material3.SurfaceKt$Surface$3.invoke(Surface.kt:221)
at androidx.compose.runtime.internal.ComposableLambdaImpl.invoke(ComposableLambda.jb.kt:107)
at androidx.compose.runtime.internal.ComposableLambdaImpl.invoke(ComposableLambda.jb.kt:33)
at androidx.compose.runtime.CompositionLocalKt.CompositionLocalProvider(CompositionLocal.kt:228)
at androidx.compose.material3.SurfaceKt.Surface-o_FOJdg(Surface.kt:218)
at androidx.compose.material3.CardKt.Card(Card.kt:143)
at ui.screens.AccountsKt.AccountCardView(accounts.kt:62)
at ui.screens.AccountsKt$AccountsScreen$1$1$invoke$$inlined$items$default$4.invoke(LazyDsl.kt:427)
at ui.screens.AccountsKt$AccountsScreen$1$1$invoke$$inlined$items$default$4.invoke(LazyDsl.kt:148)
at androidx.compose.runtime.internal.ComposableLambdaImpl.invoke(ComposableLambda.jb.kt:137)
at androidx.compose.runtime.internal.ComposableLambdaImpl.invoke(ComposableLambda.jb.kt:33)
at androidx.compose.foundation.lazy.LazyListItemProviderImpl$Item$1.invoke(LazyListItemProvider.kt:79)
at androidx.compose.foundation.lazy.LazyListItemProviderImpl$Item$1.invoke(LazyListItemProvider.kt:77)
at androidx.compose.runtime.internal.ComposableLambdaImpl.invoke(ComposableLambda.jb.kt:107)
at androidx.compose.runtime.internal.ComposableLambdaImpl.invoke(ComposableLambda.jb.kt:33)
at androidx.compose.runtime.CompositionLocalKt.CompositionLocalProvider(CompositionLocal.kt:248)
at androidx.compose.foundation.lazy.layout.LazyLayoutPinnableItemKt.LazyLayoutPinnableItem(LazyLayoutPinnableItem.kt:58)
at androidx.compose.foundation.lazy.LazyListItemProviderImpl.Item(LazyListItemProvider.kt:77)
at androidx.compose.foundation.lazy.layout.LazyLayoutItemContentFactoryKt$SkippableItem$1.invoke(LazyLayoutItemContentFactory.kt:136)
at androidx.compose.foundation.lazy.layout.LazyLayoutItemContentFactoryKt$SkippableItem$1.invoke(LazyLayoutItemContentFactory.kt:135)
at androidx.compose.runtime.internal.ComposableLambdaImpl.invoke(ComposableLambda.jb.kt:107)
at androidx.compose.runtime.internal.ComposableLambdaImpl.invoke(ComposableLambda.jb.kt:33)
at androidx.compose.runtime.CompositionLocalKt.CompositionLocalProvider(CompositionLocal.kt:248)
at androidx.compose.runtime.saveable.SaveableStateHolderImpl.SaveableStateProvider(SaveableStateHolder.kt:84)
at androidx.compose.foundation.lazy.layout.LazySaveableStateHolder.SaveableStateProvider(LazySaveableStateHolder.kt:85)
at androidx.compose.foundation.lazy.layout.LazyLayoutItemContentFactoryKt.SkippableItem-JVlU9Rs(LazyLayoutItemContentFactory.kt:135)
at androidx.compose.foundation.lazy.layout.LazyLayoutItemContentFactoryKt.access$SkippableItem-JVlU9Rs(LazyLayoutItemContentFactory.kt:1)
at androidx.compose.foundation.lazy.layout.LazyLayoutItemContentFactory$CachedItemContent$createContentLambda$1.invoke(LazyLayoutItemContentFactory.kt:102)
at androidx.compose.foundation.lazy.layout.LazyLayoutItemContentFactory$CachedItemContent$createContentLambda$1.invoke(LazyLayoutItemContentFactory.kt:92)
at androidx.compose.runtime.internal.ComposableLambdaImpl.invoke(ComposableLambda.jb.kt:107)
at androidx.compose.runtime.internal.ComposableLambdaImpl.invoke(ComposableLambda.jb.kt:33)
at androidx.compose.ui.layout.LayoutNodeSubcompositionsState$subcompose$3$1$1.invoke(SubcomposeLayout.kt:991)
at androidx.compose.ui.layout.LayoutNodeSubcompositionsState$subcompose$3$1$1.invoke(SubcomposeLayout.kt:477)
at androidx.compose.runtime.internal.ComposableLambdaImpl.invoke(ComposableLambda.jb.kt:107)
at androidx.compose.runtime.internal.ComposableLambdaImpl.invoke(ComposableLambda.jb.kt:33)
at androidx.compose.runtime.ActualJvm_jvmKt.invokeComposable(ActualJvm.jvm.kt:33)
at androidx.compose.runtime.ComposerImpl.doCompose(Composer.kt:3303)
at androidx.compose.runtime.ComposerImpl.composeContent$runtime(Composer.kt:3236)
at androidx.compose.runtime.CompositionImpl.composeContent(Composition.kt:725)
at androidx.compose.runtime.Recomposer.composeInitial$runtime(Recomposer.kt:1071)
at androidx.compose.runtime.ComposerImpl$CompositionContextImpl.composeInitial$runtime(Composer.kt:3600)
at androidx.compose.runtime.ComposerImpl$CompositionContextImpl.composeInitial$runtime(Composer.kt:3600)
at androidx.compose.runtime.CompositionImpl.composeInitial(Composition.kt:633)
at androidx.compose.runtime.CompositionImpl.setContent(Composition.kt:619)
at androidx.compose.ui.layout.LayoutNodeSubcompositionsState.subcomposeInto(SubcomposeLayout.kt:500)
at androidx.compose.ui.layout.LayoutNodeSubcompositionsState.subcompose(SubcomposeLayout.kt:472)
at androidx.compose.ui.layout.LayoutNodeSubcompositionsState.subcompose(SubcomposeLayout.kt:463)
at androidx.compose.ui.layout.LayoutNodeSubcompositionsState.subcompose(SubcomposeLayout.kt:447)
at androidx.compose.ui.layout.LayoutNodeSubcompositionsState$Scope.subcompose(SubcomposeLayout.kt:872)
at androidx.compose.foundation.lazy.layout.LazyLayoutMeasureScopeImpl.measure-0kLqBqw(LazyLayoutMeasureScope.kt:125)
at androidx.compose.foundation.lazy.LazyListMeasuredItemProvider.getAndMeasure(LazyListMeasuredItemProvider.kt:48)
at androidx.compose.foundation.lazy.LazyListMeasureKt.measureLazyList-5IMabDg(LazyListMeasure.kt:195)
at androidx.compose.foundation.lazy.LazyListKt$rememberLazyListMeasurePolicy$1$1.invoke-0kLqBqw(LazyList.kt:313)
at androidx.compose.foundation.lazy.LazyListKt$rememberLazyListMeasurePolicy$1$1.invoke(LazyList.kt:178)
at androidx.compose.foundation.lazy.layout.LazyLayoutKt$LazyLayout$3$2$1.invoke-0kLqBqw(LazyLayout.kt:107)
at androidx.compose.foundation.lazy.layout.LazyLayoutKt$LazyLayout$3$2$1.invoke(LazyLayout.kt:100)
at androidx.compose.ui.layout.LayoutNodeSubcompositionsState$createMeasurePolicy$1.measure-3p2s80s(SubcomposeLayout.kt:709)
at androidx.compose.ui.node.InnerNodeCoordinator.measure-BRTryo0(InnerNodeCoordinator.kt:126)
at androidx.compose.ui.graphics.SimpleGraphicsLayerModifier.measure-3p2s80s(GraphicsLayerModifier.kt:646)
at androidx.compose.ui.node.LayoutModifierNodeCoordinator.measure-BRTryo0(LayoutModifierNodeCoordinator.kt:116)
at androidx.compose.foundation.layout.FillNode.measure-3p2s80s(Size.kt:699)
at androidx.compose.ui.node.LayoutModifierNodeCoordinator.measure-BRTryo0(LayoutModifierNodeCoordinator.kt:116)
at androidx.compose.foundation.layout.PaddingNode.measure-3p2s80s(Padding.kt:397)
at androidx.compose.ui.node.LayoutModifierNodeCoordinator.measure-BRTryo0(LayoutModifierNodeCoordinator.kt:116)
at androidx.compose.ui.node.LayoutNodeLayoutDelegate$performMeasureBlock$1.invoke(LayoutNodeLayoutDelegate.kt:252)
at androidx.compose.ui.node.LayoutNodeLayoutDelegate$performMeasureBlock$1.invoke(LayoutNodeLayoutDelegate.kt:251)
at androidx.compose.runtime.snapshots.Snapshot$Companion.observe(Snapshot.kt:2304)
at androidx.compose.runtime.snapshots.SnapshotStateObserver$ObservedScopeMap.observe(SnapshotStateObserver.kt:504)
at androidx.compose.runtime.snapshots.SnapshotStateObserver.observeReads(SnapshotStateObserver.kt:260)
at androidx.compose.ui.node.OwnerSnapshotObserver.observeReads$ui(OwnerSnapshotObserver.kt:133)
at androidx.compose.ui.node.OwnerSnapshotObserver.observeMeasureSnapshotReads$ui(OwnerSnapshotObserver.kt:113)
at androidx.compose.ui.node.LayoutNodeLayoutDelegate.performMeasure-BRTryo0(LayoutNodeLayoutDelegate.kt:1617)
at androidx.compose.ui.node.LayoutNodeLayoutDelegate.access$performMeasure-BRTryo0(LayoutNodeLayoutDelegate.kt:36)
at androidx.compose.ui.node.LayoutNodeLayoutDelegate$MeasurePassDelegate.remeasure-BRTryo0(LayoutNodeLayoutDelegate.kt:620)
at androidx.compose.ui.node.LayoutNodeLayoutDelegate$MeasurePassDelegate.measure-BRTryo0(LayoutNodeLayoutDelegate.kt:596)
at androidx.compose.foundation.layout.RowColumnMeasurementHelper.measureWithoutPlacing-_EkL_-Y(RowColumnMeasurementHelper.kt:112)
at androidx.compose.foundation.layout.RowColumnMeasurePolicy.measure-3p2s80s(RowColumnImpl.kt:73)
at androidx.compose.ui.node.InnerNodeCoordinator.measure-BRTryo0(InnerNodeCoordinator.kt:126)
at androidx.compose.ui.node.LayoutNodeLayoutDelegate$performMeasureBlock$1.invoke(LayoutNodeLayoutDelegate.kt:252)
at androidx.compose.ui.node.LayoutNodeLayoutDelegate$performMeasureBlock$1.invoke(LayoutNodeLayoutDelegate.kt:251)
at androidx.compose.runtime.snapshots.Snapshot$Companion.observe(Snapshot.kt:2304)
at androidx.compose.runtime.snapshots.SnapshotStateObserver$ObservedScopeMap.observe(SnapshotStateObserver.kt:504)
at androidx.compose.runtime.snapshots.SnapshotStateObserver.observeReads(SnapshotStateObserver.kt:260)
at androidx.compose.ui.node.OwnerSnapshotObserver.observeReads$ui(OwnerSnapshotObserver.kt:133)
at androidx.compose.ui.node.OwnerSnapshotObserver.observeMeasureSnapshotReads$ui(OwnerSnapshotObserver.kt:113)
at androidx.compose.ui.node.LayoutNodeLayoutDelegate.performMeasure-BRTryo0(LayoutNodeLayoutDelegate.kt:1617)
at androidx.compose.ui.node.LayoutNodeLayoutDelegate.access$performMeasure-BRTryo0(LayoutNodeLayoutDelegate.kt:36)
at androidx.compose.ui.node.LayoutNodeLayoutDelegate$MeasurePassDelegate.remeasure-BRTryo0(LayoutNodeLayoutDelegate.kt:620)
at androidx.compose.ui.node.LayoutNodeLayoutDelegate$MeasurePassDelegate.measure-BRTryo0(LayoutNodeLayoutDelegate.kt:596)
at androidx.compose.foundation.layout.BoxMeasurePolicy.measure-3p2s80s(Box.kt:122)
at androidx.compose.ui.node.InnerNodeCoordinator.measure-BRTryo0(InnerNodeCoordinator.kt:126)
at androidx.compose.foundation.layout.PaddingValuesModifier.measure-3p2s80s(Padding.kt:455)
at androidx.compose.ui.node.LayoutModifierNodeCoordinator.measure-BRTryo0(LayoutModifierNodeCoordinator.kt:116)
at androidx.compose.foundation.layout.FillNode.measure-3p2s80s(Size.kt:699)
at androidx.compose.ui.node.LayoutModifierNodeCoordinator.measure-BRTryo0(LayoutModifierNodeCoordinator.kt:116)
at androidx.compose.ui.node.LayoutNodeLayoutDelegate$performMeasureBlock$1.invoke(LayoutNodeLayoutDelegate.kt:252)
at androidx.compose.ui.node.LayoutNodeLayoutDelegate$performMeasureBlock$1.invoke(LayoutNodeLayoutDelegate.kt:251)
at androidx.compose.runtime.snapshots.Snapshot$Companion.observe(Snapshot.kt:2304)
at androidx.compose.runtime.snapshots.SnapshotStateObserver$ObservedScopeMap.observe(SnapshotStateObserver.kt:504)
at androidx.compose.runtime.snapshots.SnapshotStateObserver.observeReads(SnapshotStateObserver.kt:260)
at androidx.compose.ui.node.OwnerSnapshotObserver.observeReads$ui(OwnerSnapshotObserver.kt:133)
at androidx.compose.ui.node.OwnerSnapshotObserver.observeMeasureSnapshotReads$ui(OwnerSnapshotObserver.kt:113)
at androidx.compose.ui.node.LayoutNodeLayoutDelegate.performMeasure-BRTryo0(LayoutNodeLayoutDelegate.kt:1617)
at androidx.compose.ui.node.LayoutNodeLayoutDelegate.access$performMeasure-BRTryo0(LayoutNodeLayoutDelegate.kt:36)
at androidx.compose.ui.node.LayoutNodeLayoutDelegate$MeasurePassDelegate.remeasure-BRTryo0(LayoutNodeLayoutDelegate.kt:620)
at androidx.compose.ui.node.LayoutNode.remeasure-_Sx5XlM$ui(LayoutNode.kt:1145)
at androidx.compose.ui.node.LayoutNode.remeasure-_Sx5XlM$ui$default(LayoutNode.kt:1136)
at androidx.compose.ui.node.MeasureAndLayoutDelegate.doRemeasure-sdFAvZA(MeasureAndLayoutDelegate.kt:356)
at androidx.compose.ui.node.MeasureAndLayoutDelegate.remeasureAndRelayoutIfNeeded(MeasureAndLayoutDelegate.kt:514)
at androidx.compose.ui.node.MeasureAndLayoutDelegate.remeasureAndRelayoutIfNeeded$default(MeasureAndLayoutDelegate.kt:491)
at androidx.compose.ui.node.MeasureAndLayoutDelegate.measureAndLayout(MeasureAndLayoutDelegate.kt:377)
at androidx.compose.ui.node.RootNodeOwner$OwnerImpl.measureAndLayout(RootNodeOwner.skiko.kt:290)
at androidx.compose.ui.node.RootNodeOwner.measureAndLayout(RootNodeOwner.skiko.kt:187)
at androidx.compose.ui.scene.MultiLayerComposeSceneImpl.measureAndLayout(MultiLayerComposeScene.skiko.kt:247)
at androidx.compose.ui.scene.BaseComposeScene.doLayout(BaseComposeScene.skiko.kt:225)
at androidx.compose.ui.scene.BaseComposeScene.access$doLayout(BaseComposeScene.skiko.kt:51)
at androidx.compose.ui.scene.BaseComposeScene.render(BaseComposeScene.skiko.kt:164)
at androidx.compose.ui.scene.ComposeSceneMediator$DesktopSkikoView.onRender(ComposeSceneMediator.desktop.kt:522)
at org.jetbrains.skiko.SkiaLayer.update$skiko(SkiaLayer.awt.kt:548)
at org.jetbrains.skiko.redrawer.AWTRedrawer.update(AWTRedrawer.kt:54)
at org.jetbrains.skiko.redrawer.WindowsOpenGLRedrawer$Companion$frameDispatcher$1.invokeSuspend(WindowsOpenGLRedrawer.kt:98)
at org.jetbrains.skiko.redrawer.WindowsOpenGLRedrawer$Companion$frameDispatcher$1.invoke(WindowsOpenGLRedrawer.kt)
at org.jetbrains.skiko.redrawer.WindowsOpenGLRedrawer$Companion$frameDispatcher$1.invoke(WindowsOpenGLRedrawer.kt)
at org.jetbrains.skiko.FrameDispatcher$job$1.invokeSuspend(FrameDispatcher.kt:33)
at kotlin.coroutines.jvm.internal.BaseContinuationImpl.resumeWith(ContinuationImpl.kt:33)
at kotlinx.coroutines.DispatchedTask.run(DispatchedTask.kt:108)
at java.desktop/java.awt.event.InvocationEvent.dispatch(InvocationEvent.java:318)
at java.desktop/java.awt.EventQueue.dispatchEventImpl(EventQueue.java:773)
at java.desktop/java.awt.EventQueue$4.run(EventQueue.java:720)
at java.desktop/java.awt.EventQueue$4.run(EventQueue.java:714)
at java.base/java.security.AccessController.doPrivileged(AccessController.java:399)
at java.base/java.security.ProtectionDomain$JavaSecurityAccessImpl.doIntersectionPrivilege(ProtectionDomain.java:86)
at java.desktop/java.awt.EventQueue.dispatchEvent(EventQueue.java:742)
at java.desktop/java.awt.EventDispatchThread.pumpOneEventForFilters(EventDispatchThread.java:203)
at java.desktop/java.awt.EventDispatchThread.pumpEventsForFilter(EventDispatchThread.java:124)
at java.desktop/java.awt.EventDispatchThread.pumpEventsForHierarchy(EventDispatchThread.java:113)
at java.desktop/java.awt.EventDispatchThread.pumpEvents(EventDispatchThread.java:109)
at java.desktop/java.awt.EventDispatchThread.pumpEvents(EventDispatchThread.java:101)
at java.desktop/java.awt.EventDispatchThread.run(EventDispatchThread.java:90)
Suppressed: kotlinx.coroutines.internal.DiagnosticCoroutineContextException: [StandaloneCoroutine{Cancelling}@28c5c3d2, SwingDispatcher@7932e2ed]
